  GraphX.cpp
C:\Users\aheon\source\repos\GraphX\libs\glad\include\glad\glad.h(326,9): warning C4005: GL_ALL_ATTRIB_BITS: изменение макроопределения
  (компиляция исходного файла "GraphX.cpp")
      C:\Program Files (x86)\Windows Kits\10\Include\10.0.22621.0\um\GL\gl.h(107,9):
      см. предыдущее определение "GL_ALL_ATTRIB_BITS"
  
C:\Users\aheon\source\repos\GraphX\libs\glad\include\glad\glad.h(414,9): warning C4005: GL_LOGIC_OP: изменение макроопределения
  (компиляция исходного файла "GraphX.cpp")
      C:\Program Files (x86)\Windows Kits\10\Include\10.0.22621.0\um\GL\gl.h(1152,9):
      см. предыдущее определение "GL_LOGIC_OP"
  
C:\Users\aheon\source\repos\GraphX\libs\glad\include\glad\glad.h(498,9): warning C4005: GL_TEXTURE_COMPONENTS: изменение макроопределения
  (компиляция исходного файла "GraphX.cpp")
      C:\Program Files (x86)\Windows Kits\10\Include\10.0.22621.0\um\GL\gl.h(1153,9):
      см. предыдущее определение "GL_TEXTURE_COMPONENTS"
  
C:\Users\aheon\source\repos\GraphX\libs\glad\include\glad\glad.h(592,9): warning C4005: GL_CLIENT_ALL_ATTRIB_BITS: изменение макроопределения
  (компиляция исходного файла "GraphX.cpp")
      C:\Program Files (x86)\Windows Kits\10\Include\10.0.22621.0\um\GL\gl.h(973,9):
      см. предыдущее определение "GL_CLIENT_ALL_ATTRIB_BITS"
  
C:\Users\aheon\source\repos\GraphX\GraphX\GraphX.cpp(99,70): warning C4244: аргумент: преобразование "double" в "GLfloat", возможна потеря данных
LINK : warning LNK4098: библиотека по умолчанию "MSVCRT" конфликтует с использованием других библиотек; используйте /NODEFAULTLIB:library
  GraphX.vcxproj -> C:\Users\aheon\source\repos\GraphX\x64\Debug\GraphX.exe
